{"meta": {"format": 3, "version": "7.10.6", "timestamp": "2025-09-09T16:30:28.536628", "branch_coverage": false, "show_contexts": false}, "files": {"core\\__init__.py": {"executed_lines": [0], "summary": {"covered_lines": 0, "num_statements": 0, "percent_covered": 100.0, "percent_covered_display": "100", "missing_lines": 0, "excluded_lines": 0}, "missing_lines": [], "excluded_lines": [], "functions": {"": {"executed_lines": [], "summary": {"covered_lines": 0, "num_statements": 0, "percent_covered": 100.0, "percent_covered_display": "100", "missing_lines": 0, "excluded_lines": 0}, "missing_lines": [], "excluded_lines": []}}, "classes": {"": {"executed_lines": [], "summary": {"covered_lines": 0, "num_statements": 0, "percent_covered": 100.0, "percent_covered_display": "100", "missing_lines": 0, "excluded_lines": 0}, "missing_lines": [], "excluded_lines": []}}}, "core\\auth.py": {"executed_lines": [1, 2, 3, 5, 10, 12, 13, 14, 17, 20, 23, 33, 34, 36, 37, 38, 41, 45, 46, 48, 49, 50, 54, 64, 70, 77, 84], "summary": {"covered_lines": 27, "num_statements": 30, "percent_covered": 90.0, "percent_covered_display": "90", "missing_lines": 3, "excluded_lines": 0}, "missing_lines": [72, 73, 74], "excluded_lines": [], "functions": {"adicionar_usuario": {"executed_lines": [10, 12, 13, 14, 17, 20, 23, 33, 34, 36, 37, 38], "summary": {"covered_lines": 12, "num_statements": 12, "percent_covered": 100.0, "percent_covered_display": "100", "missing_lines": 0, "excluded_lines": 0}, "missing_lines": [], "excluded_lines": []}, "inicializar_autenticador": {"executed_lines": [45, 46, 48, 49, 50, 54, 64, 70], "summary": {"covered_lines": 8, "num_statements": 11, "percent_covered": 72.72727272727273, "percent_covered_display": "73", "missing_lines": 3, "excluded_lines": 0}, "missing_lines": [72, 73, 74], "excluded_lines": []}, "": {"executed_lines": [1, 2, 3, 5, 41, 77, 84], "summary": {"covered_lines": 7, "num_statements": 7, "percent_covered": 100.0, "percent_covered_display": "100", "missing_lines": 0, "excluded_lines": 0}, "missing_lines": [], "excluded_lines": []}}, "classes": {"": {"executed_lines": [1, 2, 3, 5, 10, 12, 13, 14, 17, 20, 23, 33, 34, 36, 37, 38, 41, 45, 46, 48, 49, 50, 54, 64, 70, 77, 84], "summary": {"covered_lines": 27, "num_statements": 30, "percent_covered": 90.0, "percent_covered_display": "90", "missing_lines": 3, "excluded_lines": 0}, "missing_lines": [72, 73, 74], "excluded_lines": []}}}, "core\\database.py": {"executed_lines": [1, 2, 3, 4, 5, 8, 9, 10, 11, 16, 18, 19, 20, 21, 22, 23, 24, 25, 26, 27, 28, 30, 32, 33, 35, 41, 44, 46, 47, 48, 49, 52, 53, 54, 56, 58, 60, 62, 63, 64, 65, 66, 67, 68, 69, 70, 72, 74, 75, 76, 77, 78, 79, 80, 81, 82, 83, 84, 85, 86, 87, 89, 90, 91, 93, 95, 96, 97, 98, 99, 100, 101, 103, 105, 107, 109], "summary": {"covered_lines": 76, "num_statements": 80, "percent_covered": 95.0, "percent_covered_display": "95", "missing_lines": 4, "excluded_lines": 0}, "missing_lines": [12, 13, 14, 50], "excluded_lines": [], "functions": {"get_db_engine": {"executed_lines": [18, 19, 20, 21, 22, 23, 24, 25, 26, 27, 28], "summary": {"covered_lines": 11, "num_statements": 11, "percent_covered": 100.0, "percent_covered_display": "100", "missing_lines": 0, "excluded_lines": 0}, "missing_lines": [], "excluded_lines": []}, "_get_db_credentials": {"executed_lines": [32, 33, 35, 41], "summary": {"covered_lines": 4, "num_statements": 4, "percent_covered": 100.0, "percent_covered_display": "100", "missing_lines": 0, "excluded_lines": 0}, "missing_lines": [], "excluded_lines": []}, "_display_error": {"executed_lines": [46, 47, 48, 49, 52, 53, 54], "summary": {"covered_lines": 7, "num_statements": 8, "percent_covered": 87.5, "percent_covered_display": "88", "missing_lines": 1, "excluded_lines": 0}, "missing_lines": [50], "excluded_lines": []}, "_handle_error": {"executed_lines": [58], "summary": {"covered_lines": 1, "num_statements": 1, "percent_covered": 100.0, "percent_covered_display": "100", "missing_lines": 0, "excluded_lines": 0}, "missing_lines": [], "excluded_lines": []}, "fetch_data": {"executed_lines": [62, 63, 64, 65, 66, 67, 68, 69, 70], "summary": {"covered_lines": 9, "num_statements": 9, "percent_covered": 100.0, "percent_covered_display": "100", "missing_lines": 0, "excluded_lines": 0}, "missing_lines": [], "excluded_lines": []}, "execute_command": {"executed_lines": [74, 75, 76, 77, 78, 79, 80, 81, 82, 83, 84, 85, 86, 87, 89, 90, 91], "summary": {"covered_lines": 17, "num_statements": 17, "percent_covered": 100.0, "percent_covered_display": "100", "missing_lines": 0, "excluded_lines": 0}, "missing_lines": [], "excluded_lines": []}, "fetch_data_as_dataframe": {"executed_lines": [95, 96, 97, 98, 99, 100, 101], "summary": {"covered_lines": 7, "num_statements": 7, "percent_covered": 100.0, "percent_covered_display": "100", "missing_lines": 0, "excluded_lines": 0}, "missing_lines": [], "excluded_lines": []}, "get_empresas": {"executed_lines": [105], "summary": {"covered_lines": 1, "num_statements": 1, "percent_covered": 100.0, "percent_covered_display": "100", "missing_lines": 0, "excluded_lines": 0}, "missing_lines": [], "excluded_lines": []}, "get_empresa_por_nome": {"executed_lines": [109], "summary": {"covered_lines": 1, "num_statements": 1, "percent_covered": 100.0, "percent_covered_display": "100", "missing_lines": 0, "excluded_lines": 0}, "missing_lines": [], "excluded_lines": []}, "": {"executed_lines": [1, 2, 3, 4, 5, 8, 9, 10, 11, 16, 30, 44, 56, 60, 72, 93, 103, 107], "summary": {"covered_lines": 18, "num_statements": 21, "percent_covered": 85.71428571428571, "percent_covered_display": "86", "missing_lines": 3, "excluded_lines": 0}, "missing_lines": [12, 13, 14], "excluded_lines": []}}, "classes": {"": {"executed_lines": [1, 2, 3, 4, 5, 8, 9, 10, 11, 16, 18, 19, 20, 21, 22, 23, 24, 25, 26, 27, 28, 30, 32, 33, 35, 41, 44, 46, 47, 48, 49, 52, 53, 54, 56, 58, 60, 62, 63, 64, 65, 66, 67, 68, 69, 70, 72, 74, 75, 76, 77, 78, 79, 80, 81, 82, 83, 84, 85, 86, 87, 89, 90, 91, 93, 95, 96, 97, 98, 99, 100, 101, 103, 105, 107, 109], "summary": {"covered_lines": 76, "num_statements": 80, "percent_covered": 95.0, "percent_covered_display": "95", "missing_lines": 4, "excluded_lines": 0}, "missing_lines": [12, 13, 14, 50], "excluded_lines": []}}}, "desenvolvimento_pessoal\\__init__.py": {"executed_lines": [0], "summary": {"covered_lines": 0, "num_statements": 0, "percent_covered": 100.0, "percent_covered_display": "100", "missing_lines": 0, "excluded_lines": 0}, "missing_lines": [], "excluded_lines": [], "functions": {"": {"executed_lines": [], "summary": {"covered_lines": 0, "num_statements": 0, "percent_covered": 100.0, "percent_covered_display": "100", "missing_lines": 0, "excluded_lines": 0}, "missing_lines": [], "excluded_lines": []}}, "classes": {"": {"executed_lines": [], "summary": {"covered_lines": 0, "num_statements": 0, "percent_covered": 100.0, "percent_covered_display": "100", "missing_lines": 0, "excluded_lines": 0}, "missing_lines": [], "excluded_lines": []}}}, "desenvolvimento_pessoal\\protocolo_diario.py": {"executed_lines": [1, 2, 3, 4, 5, 6, 9, 15, 17, 18, 23, 25, 26, 28, 30, 32, 33, 34, 35, 39, 41, 42, 43, 45, 47, 48, 49, 50, 51, 52, 53, 58, 60, 61, 62, 63, 64, 65, 70, 72, 73, 74, 75, 76, 77, 82, 84, 85, 86, 88, 89, 90, 94, 95, 97, 99, 100, 106, 107, 108, 109, 110, 111, 112, 113, 115, 117, 118, 120, 121, 122, 123, 124, 125, 126, 128, 129, 130, 131, 132, 133, 134, 135, 136, 137, 141, 142, 143, 144, 145, 146, 147, 148, 149, 150, 154, 156, 157, 159, 160, 161, 163, 164, 165, 166, 168, 169, 170, 171, 172, 173, 175, 176, 177, 178, 179, 180, 181, 182, 183, 184, 185, 187, 188, 190, 191, 192, 193, 194, 195, 196, 197, 198, 200, 201, 202, 203, 204, 205, 206, 207, 208, 209, 210], "summary": {"covered_lines": 144, "num_statements": 156, "percent_covered": 92.3076923076923, "percent_covered_display": "92", "missing_lines": 12, "excluded_lines": 0}, "missing_lines": [54, 55, 56, 66, 67, 68, 78, 79, 80, 139, 152, 212], "excluded_lines": [], "functions": {"carregar_atividades_por_periodo": {"executed_lines": [17, 18, 23, 25, 26, 28, 30, 32, 33, 34, 35, 39, 41, 42, 43], "summary": {"covered_lines": 15, "num_statements": 15, "percent_covered": 100.0, "percent_covered_display": "100", "missing_lines": 0, "excluded_lines": 0}, "missing_lines": [], "excluded_lines": []}, "adicionar_nova_atividade": {"executed_lines": [47, 48, 49, 50, 51, 52, 53], "summary": {"covered_lines": 7, "num_statements": 10, "percent_covered": 70.0, "percent_covered_display": "70", "missing_lines": 3, "excluded_lines": 0}, "missing_lines": [54, 55, 56], "excluded_lines": []}, "desativar_atividade": {"executed_lines": [60, 61, 62, 63, 64, 65], "summary": {"covered_lines": 6, "num_statements": 9, "percent_covered": 66.66666666666667, "percent_covered_display": "67", "missing_lines": 3, "excluded_lines": 0}, "missing_lines": [66, 67, 68], "excluded_lines": []}, "reativar_atividade": {"executed_lines": [72, 73, 74, 75, 76, 77], "summary": {"covered_lines": 6, "num_statements": 9, "percent_covered": 66.66666666666667, "percent_covered_display": "67", "missing_lines": 3, "excluded_lines": 0}, "missing_lines": [78, 79, 80], "excluded_lines": []}, "salvar_log_pod": {"executed_lines": [84, 85, 86, 88, 89, 90, 94, 95], "summary": {"covered_lines": 8, "num_statements": 8, "percent_covered": 100.0, "percent_covered_display": "100", "missing_lines": 0, "excluded_lines": 0}, "missing_lines": [], "excluded_lines": []}, "carregar_log_diario": {"executed_lines": [99, 100, 106, 107, 108, 109, 110, 111, 112, 113], "summary": {"covered_lines": 10, "num_statements": 10, "percent_covered": 100.0, "percent_covered_display": "100", "missing_lines": 0, "excluded_lines": 0}, "missing_lines": [], "excluded_lines": []}, "exibir_gerenciamento_atividades": {"executed_lines": [117, 118, 120, 121, 122, 123, 124, 125, 126, 128, 129, 130, 131, 132, 133, 134, 135, 136, 137, 141, 142, 143, 144, 145, 146, 147, 148, 149, 150], "summary": {"covered_lines": 29, "num_statements": 31, "percent_covered": 93.54838709677419, "percent_covered_display": "94", "missing_lines": 2, "excluded_lines": 0}, "missing_lines": [139, 152], "excluded_lines": []}, "exibir_protocolo_diario": {"executed_lines": [156, 157, 159, 160, 161, 163, 164, 165, 166, 168, 169, 170, 171, 172, 173, 175, 176, 177, 178, 179, 180, 181, 182, 183, 184, 185, 187, 188, 190, 191, 192, 193, 194, 195, 196, 197, 198, 200, 201, 202, 203, 204, 205, 206, 207, 208, 209, 210], "summary": {"covered_lines": 48, "num_statements": 49, "percent_covered": 97.95918367346938, "percent_covered_display": "98", "missing_lines": 1, "excluded_lines": 0}, "missing_lines": [212], "excluded_lines": []}, "": {"executed_lines": [1, 2, 3, 4, 5, 6, 9, 15, 45, 58, 70, 82, 97, 115, 154], "summary": {"covered_lines": 15, "num_statements": 15, "percent_covered": 100.0, "percent_covered_display": "100", "missing_lines": 0, "excluded_lines": 0}, "missing_lines": [], "excluded_lines": []}}, "classes": {"": {"executed_lines": [1, 2, 3, 4, 5, 6, 9, 15, 17, 18, 23, 25, 26, 28, 30, 32, 33, 34, 35, 39, 41, 42, 43, 45, 47, 48, 49, 50, 51, 52, 53, 58, 60, 61, 62, 63, 64, 65, 70, 72, 73, 74, 75, 76, 77, 82, 84, 85, 86, 88, 89, 90, 94, 95, 97, 99, 100, 106, 107, 108, 109, 110, 111, 112, 113, 115, 117, 118, 120, 121, 122, 123, 124, 125, 126, 128, 129, 130, 131, 132, 133, 134, 135, 136, 137, 141, 142, 143, 144, 145, 146, 147, 148, 149, 150, 154, 156, 157, 159, 160, 161, 163, 164, 165, 166, 168, 169, 170, 171, 172, 173, 175, 176, 177, 178, 179, 180, 181, 182, 183, 184, 185, 187, 188, 190, 191, 192, 193, 194, 195, 196, 197, 198, 200, 201, 202, 203, 204, 205, 206, 207, 208, 209, 210], "summary": {"covered_lines": 144, "num_statements": 156, "percent_covered": 92.3076923076923, "percent_covered_display": "92", "missing_lines": 12, "excluded_lines": 0}, "missing_lines": [54, 55, 56, 66, 67, 68, 78, 79, 80, 139, 152, 212], "excluded_lines": []}}}, "desenvolvimento_pessoal\\rebranding.py": {"executed_lines": [2, 3, 4, 5, 12, 13, 14, 15, 18, 19, 21, 22, 23, 25, 26, 27, 28, 29, 30, 34, 36, 37, 39, 40, 41, 43, 44, 47, 48, 50, 51, 52, 53, 57, 59, 60, 61, 62, 63, 65, 66], "summary": {"covered_lines": 41, "num_statements": 44, "percent_covered": 93.18181818181819, "percent_covered_display": "93", "missing_lines": 3, "excluded_lines": 0}, "missing_lines": [32, 55, 68], "excluded_lines": [], "functions": {"exibir_painel_rebranding": {"executed_lines": [13, 14, 15, 18, 19, 21, 22, 23, 25, 26, 27, 28, 29, 30, 34, 36, 37, 39, 40, 41, 43, 44, 47, 48, 50, 51, 52, 53, 57, 59, 60, 61, 62, 63, 65, 66], "summary": {"covered_lines": 36, "num_statements": 39, "percent_covered": 92.3076923076923, "percent_covered_display": "92", "missing_lines": 3, "excluded_lines": 0}, "missing_lines": [32, 55, 68], "excluded_lines": []}, "": {"executed_lines": [2, 3, 4, 5, 12], "summary": {"covered_lines": 5, "num_statements": 5, "percent_covered": 100.0, "percent_covered_display": "100", "missing_lines": 0, "excluded_lines": 0}, "missing_lines": [], "excluded_lines": []}}, "classes": {"": {"executed_lines": [2, 3, 4, 5, 12, 13, 14, 15, 18, 19, 21, 22, 23, 25, 26, 27, 28, 29, 30, 34, 36, 37, 39, 40, 41, 43, 44, 47, 48, 50, 51, 52, 53, 57, 59, 60, 61, 62, 63, 65, 66], "summary": {"covered_lines": 41, "num_statements": 44, "percent_covered": 93.18181818181819, "percent_covered_display": "93", "missing_lines": 3, "excluded_lines": 0}, "missing_lines": [32, 55, 68], "excluded_lines": []}}}, "desenvolvimento_pessoal\\rpd.py": {"executed_lines": [3, 4, 5, 9, 10, 11, 12, 15, 16, 17, 18, 19, 21, 23, 24, 25, 27, 29, 33, 37, 39, 40, 41, 43, 45, 46, 47, 48, 49, 51, 52, 54, 55, 56, 58, 59, 61, 65, 67, 68, 70, 72, 73, 74, 75, 76, 77, 78, 79, 80, 81, 82, 84, 86, 91, 93, 95, 96, 97, 98, 99, 100], "summary": {"covered_lines": 62, "num_statements": 62, "percent_covered": 100.0, "percent_covered_display": "100", "missing_lines": 0, "excluded_lines": 0}, "missing_lines": [], "excluded_lines": [], "functions": {"salvar_resposta": {"executed_lines": [10, 11, 12, 15, 16, 17, 18, 19], "summary": {"covered_lines": 8, "num_statements": 8, "percent_covered": 100.0, "percent_covered_display": "100", "missing_lines": 0, "excluded_lines": 0}, "missing_lines": [], "excluded_lines": []}, "ler_respostas_por_usuario": {"executed_lines": [23, 24, 25], "summary": {"covered_lines": 3, "num_statements": 3, "percent_covered": 100.0, "percent_covered_display": "100", "missing_lines": 0, "excluded_lines": 0}, "missing_lines": [], "excluded_lines": []}, "ler_todas_as_respostas": {"executed_lines": [29, 33], "summary": {"covered_lines": 2, "num_statements": 2, "percent_covered": 100.0, "percent_covered_display": "100", "missing_lines": 0, "excluded_lines": 0}, "missing_lines": [], "excluded_lines": []}, "carregar_log_diario": {"executed_lines": [39, 40, 41], "summary": {"covered_lines": 3, "num_statements": 3, "percent_covered": 100.0, "percent_covered_display": "100", "missing_lines": 0, "excluded_lines": 0}, "missing_lines": [], "excluded_lines": []}, "salvar_log_diario": {"executed_lines": [45, 46, 47, 48, 49, 51, 52, 54, 55, 56, 58, 59, 61], "summary": {"covered_lines": 13, "num_statements": 13, "percent_covered": 100.0, "percent_covered_display": "100", "missing_lines": 0, "excluded_lines": 0}, "missing_lines": [], "excluded_lines": []}, "carregar_lista_atividades": {"executed_lines": [67, 68], "summary": {"covered_lines": 2, "num_statements": 2, "percent_covered": 100.0, "percent_covered_display": "100", "missing_lines": 0, "excluded_lines": 0}, "missing_lines": [], "excluded_lines": []}, "salvar_nova_atividade": {"executed_lines": [72, 73, 74, 75, 76, 77, 78, 79, 80, 81, 82], "summary": {"covered_lines": 11, "num_statements": 11, "percent_covered": 100.0, "percent_covered_display": "100", "missing_lines": 0, "excluded_lines": 0}, "missing_lines": [], "excluded_lines": []}, "carregar_log_consistencia": {"executed_lines": [86, 91], "summary": {"covered_lines": 2, "num_statements": 2, "percent_covered": 100.0, "percent_covered_display": "100", "missing_lines": 0, "excluded_lines": 0}, "missing_lines": [], "excluded_lines": []}, "salvar_consistencia": {"executed_lines": [95, 96, 97, 98, 99, 100], "summary": {"covered_lines": 6, "num_statements": 6, "percent_covered": 100.0, "percent_covered_display": "100", "missing_lines": 0, "excluded_lines": 0}, "missing_lines": [], "excluded_lines": []}, "": {"executed_lines": [3, 4, 5, 9, 21, 27, 37, 43, 65, 70, 84, 93], "summary": {"covered_lines": 12, "num_statements": 12, "percent_covered": 100.0, "percent_covered_display": "100", "missing_lines": 0, "excluded_lines": 0}, "missing_lines": [], "excluded_lines": []}}, "classes": {"": {"executed_lines": [3, 4, 5, 9, 10, 11, 12, 15, 16, 17, 18, 19, 21, 23, 24, 25, 27, 29, 33, 37, 39, 40, 41, 43, 45, 46, 47, 48, 49, 51, 52, 54, 55, 56, 58, 59, 61, 65, 67, 68, 70, 72, 73, 74, 75, 76, 77, 78, 79, 80, 81, 82, 84, 86, 91, 93, 95, 96, 97, 98, 99, 100], "summary": {"covered_lines": 62, "num_statements": 62, "percent_covered": 100.0, "percent_covered_display": "100", "missing_lines": 0, "excluded_lines": 0}, "missing_lines": [], "excluded_lines": []}}}, "gestao\\__init__.py": {"executed_lines": [0], "summary": {"covered_lines": 0, "num_statements": 0, "percent_covered": 100.0, "percent_covered_display": "100", "missing_lines": 0, "excluded_lines": 0}, "missing_lines": [], "excluded_lines": [], "functions": {"": {"executed_lines": [], "summary": {"covered_lines": 0, "num_statements": 0, "percent_covered": 100.0, "percent_covered_display": "100", "missing_lines": 0, "excluded_lines": 0}, "missing_lines": [], "excluded_lines": []}}, "classes": {"": {"executed_lines": [], "summary": {"covered_lines": 0, "num_statements": 0, "percent_covered": 100.0, "percent_covered_display": "100", "missing_lines": 0, "excluded_lines": 0}, "missing_lines": [], "excluded_lines": []}}}, "gestao\\estoque.py": {"executed_lines": [1, 2, 3, 5, 7, 8, 9, 10, 11, 12, 14, 16, 17, 18, 19, 21, 22, 23, 24, 25, 26, 27, 29, 30, 31, 32, 33, 34, 35, 36, 37, 38, 39, 41, 43, 45, 47, 48, 49, 50, 53, 57, 66, 67, 68, 69, 72, 73, 74, 78, 79, 80, 81], "summary": {"covered_lines": 53, "num_statements": 53, "percent_covered": 100.0, "percent_covered_display": "100", "missing_lines": 0, "excluded_lines": 0}, "missing_lines": [], "excluded_lines": [], "functions": {"ler_estoque": {"executed_lines": [7, 8, 9, 10, 11, 12], "summary": {"covered_lines": 6, "num_statements": 6, "percent_covered": 100.0, "percent_covered_display": "100", "missing_lines": 0, "excluded_lines": 0}, "missing_lines": [], "excluded_lines": []}, "adicionar_ou_atualizar_item": {"executed_lines": [16, 17, 18, 19, 21, 22, 23, 24, 25, 26, 27, 29, 30, 31, 32, 33, 34, 35, 36, 37, 38, 39], "summary": {"covered_lines": 22, "num_statements": 22, "percent_covered": 100.0, "percent_covered_display": "100", "missing_lines": 0, "excluded_lines": 0}, "missing_lines": [], "excluded_lines": []}, "registrar_venda": {"executed_lines": [43, 45, 47, 48, 49, 50, 53, 57, 66, 67, 68, 69, 72, 73, 74, 78, 79, 80, 81], "summary": {"covered_lines": 19, "num_statements": 19, "percent_covered": 100.0, "percent_covered_display": "100", "missing_lines": 0, "excluded_lines": 0}, "missing_lines": [], "excluded_lines": []}, "": {"executed_lines": [1, 2, 3, 5, 14, 41], "summary": {"covered_lines": 6, "num_statements": 6, "percent_covered": 100.0, "percent_covered_display": "100", "missing_lines": 0, "excluded_lines": 0}, "missing_lines": [], "excluded_lines": []}}, "classes": {"": {"executed_lines": [1, 2, 3, 5, 7, 8, 9, 10, 11, 12, 14, 16, 17, 18, 19, 21, 22, 23, 24, 25, 26, 27, 29, 30, 31, 32, 33, 34, 35, 36, 37, 38, 39, 41, 43, 45, 47, 48, 49, 50, 53, 57, 66, 67, 68, 69, 72, 73, 74, 78, 79, 80, 81], "summary": {"covered_lines": 53, "num_statements": 53, "percent_covered": 100.0, "percent_covered_display": "100", "missing_lines": 0, "excluded_lines": 0}, "missing_lines": [], "excluded_lines": []}}}, "gestao\\pdf_generator.py": {"executed_lines": [2, 3, 5, 6, 7, 8, 9, 11, 12, 13, 14, 16, 18, 19, 20, 23, 24, 25, 26, 27, 30, 31, 32, 33, 35, 38, 40, 41, 42, 43, 45, 47, 48, 49, 50, 51, 52, 55, 56, 58], "summary": {"covered_lines": 40, "num_statements": 40, "percent_covered": 100.0, "percent_covered_display": "100", "missing_lines": 0, "excluded_lines": 0}, "missing_lines": [], "excluded_lines": [], "functions": {"PDF.header": {"executed_lines": [7, 8, 9], "summary": {"covered_lines": 3, "num_statements": 3, "percent_covered": 100.0, "percent_covered_display": "100", "missing_lines": 0, "excluded_lines": 0}, "missing_lines": [], "excluded_lines": []}, "PDF.footer": {"executed_lines": [12, 13, 14], "summary": {"covered_lines": 3, "num_statements": 3, "percent_covered": 100.0, "percent_covered_display": "100", "missing_lines": 0, "excluded_lines": 0}, "missing_lines": [], "excluded_lines": []}, "criar_recibo_venda": {"executed_lines": [18, 19, 20, 23, 24, 25, 26, 27, 30, 31, 32, 33, 35, 38, 40, 41, 42, 43, 45, 47, 48, 49, 50, 51, 52, 55, 56, 58], "summary": {"covered_lines": 28, "num_statements": 28, "percent_covered": 100.0, "percent_covered_display": "100", "missing_lines": 0, "excluded_lines": 0}, "missing_lines": [], "excluded_lines": []}, "": {"executed_lines": [2, 3, 5, 6, 11, 16], "summary": {"covered_lines": 6, "num_statements": 6, "percent_covered": 100.0, "percent_covered_display": "100", "missing_lines": 0, "excluded_lines": 0}, "missing_lines": [], "excluded_lines": []}}, "classes": {"PDF": {"executed_lines": [7, 8, 9, 12, 13, 14], "summary": {"covered_lines": 6, "num_statements": 6, "percent_covered": 100.0, "percent_covered_display": "100", "missing_lines": 0, "excluded_lines": 0}, "missing_lines": [], "excluded_lines": []}, "": {"executed_lines": [2, 3, 5, 6, 11, 16, 18, 19, 20, 23, 24, 25, 26, 27, 30, 31, 32, 33, 35, 38, 40, 41, 42, 43, 45, 47, 48, 49, 50, 51, 52, 55, 56, 58], "summary": {"covered_lines": 34, "num_statements": 34, "percent_covered": 100.0, "percent_covered_display": "100", "missing_lines": 0, "excluded_lines": 0}, "missing_lines": [], "excluded_lines": []}}}}, "totals": {"covered_lines": 443, "num_statements": 465, "percent_covered": 95.26881720430107, "percent_covered_display": "95", "missing_lines": 22, "excluded_lines": 0}}